<?xml version="1.0" encoding="UTF-8"?>
<!-- Generated by org.testng.reporters.JUnitReportReporter -->
<testsuite skipped="1" hostname="DESKTOP-FN2OEAE" name="com.qa.hubspot.tests.LoginPageTest" tests="2" failures="0" timestamp="30 Apr 2020 20:57:56 GMT" time="0.521" errors="0">
  <testcase name="verifyLoginPageTitleTest" time="0.521" classname="com.qa.hubspot.tests.LoginPageTest"/>
  <testcase name="verifySSOButtonTest" classname="com.qa.hubspot.tests.LoginPageTest">
    <skipped/>
  </testcase> <!-- verifySSOButtonTest -->
</testsuite> <!-- com.qa.hubspot.tests.LoginPageTest -->
