<?xml version="1.0" encoding="UTF-8"?>
<!-- Generated by org.testng.reporters.JUnitReportReporter -->
<testsuite skipped="1" hostname="DESKTOP-FN2OEAE" name="com.qa.hubspot.tests.HomePageTest" tests="2" failures="0" timestamp="30 Apr 2020 20:57:56 GMT" time="0.026" errors="0">
  <testcase name="verifyHomePageTitleTest" time="0.026" classname="com.qa.hubspot.tests.HomePageTest"/>
  <testcase name="verifyHomePageHeaderTest" classname="com.qa.hubspot.tests.HomePageTest">
    <skipped/>
  </testcase> <!-- verifyHomePageHeaderTest -->
</testsuite> <!-- com.qa.hubspot.tests.HomePageTest -->
