<?xml version="1.0" encoding="UTF-8"?>
<!-- Generated by org.testng.reporters.JUnitReportReporter -->
<testsuite skipped="0" hostname="DESKTOP-FN2OEAE" name="com.qa.hubspot.tests.ContactsPageTest" tests="1" failures="0" timestamp="30 Apr 2020 20:57:56 GMT" time="0.018" errors="0">
  <testcase name="verifyContactsPageTitle" time="0.018" classname="com.qa.hubspot.tests.ContactsPageTest"/>
</testsuite> <!-- com.qa.hubspot.tests.ContactsPageTest -->
