<?xml version="1.0" encoding="UTF-8"?>
<!-- Generated by org.testng.reporters.JUnitReportReporter -->
<testsuite skipped="1" hostname="DESKTOP-FN2OEAE" name="com.qa.hubspot.tests.LoginPageTest" tests="6" failures="0" timestamp="30 Apr 2020 21:27:42 GMT" time="14.534" errors="0">
  <testcase name="verifyLoginPageTitleTest" time="1.033" classname="com.qa.hubspot.tests.LoginPageTest"/>
  <testcase name="verifySignUpLinkTest" time="1.221" classname="com.qa.hubspot.tests.LoginPageTest"/>
  <testcase name="verifyShowPasswordLinkTest" time="1.167" classname="com.qa.hubspot.tests.LoginPageTest"/>
  <testcase name="verifyForgotPasswordLinkTest" time="1.188" classname="com.qa.hubspot.tests.LoginPageTest"/>
  <testcase name="loginTest" time="9.925" classname="com.qa.hubspot.tests.LoginPageTest"/>
  <testcase name="verifySSOButtonTest" classname="com.qa.hubspot.tests.LoginPageTest">
    <skipped/>
  </testcase> <!-- verifySSOButtonTest -->
</testsuite> <!-- com.qa.hubspot.tests.LoginPageTest -->
